[debug] [2023-04-29T18:45:52.716Z] ----------------------------------------------------------------------
[debug] [2023-04-29T18:45:52.720Z] Command:       C:\Program Files\nodejs\node.exe C:\Users\User\AppData\Roaming\npm\node_modules\firebase-tools\lib\bin\firebase.js init
[debug] [2023-04-29T18:45:52.721Z] CLI Version:   11.29.1
[debug] [2023-04-29T18:45:52.722Z] Platform:      win32
[debug] [2023-04-29T18:45:52.722Z] Node Version:  v16.15.0
[debug] [2023-04-29T18:45:52.723Z] Time:          Sat Apr 29 2023 20:45:52 GMT+0200 (South Africa Standard Time)
[debug] [2023-04-29T18:45:52.724Z] ----------------------------------------------------------------------
[debug] 
[debug] [2023-04-29T18:45:52.739Z] > command requires scopes: ["email","openid","https://www.googleapis.com/auth/cloudplatformprojects.readonly","https://www.googleapis.com/auth/firebase","https://www.googleapis.com/auth/cloud-platform"]
[debug] [2023-04-29T18:45:52.740Z] > authorizing via signed-in user (nomahtheloner@gmail.com)
[info] 
     ######## #### ########  ######## ########     ###     ######  ########
     ##        ##  ##     ## ##       ##     ##  ##   ##  ##       ##
     ######    ##  ########  ######   ########  #########  ######  ######
     ##        ##  ##    ##  ##       ##     ## ##     ##       ## ##
     ##       #### ##     ## ######## ########  ##     ##  ######  ########

You're about to initialize a Firebase project in this directory:

  C:\Users\User\Documents\projects\portfolio-web\API

[info] 
=== Account Setup
[info] 
[info] Which account do you want to use for this project? Choose an account or add a new one now
[info] 
[debug] [2023-04-29T18:48:24.922Z] ----------------------------------------------------------------------
[debug] [2023-04-29T18:48:24.926Z] Command:       C:\Program Files\nodejs\node.exe C:\Users\User\AppData\Roaming\npm\node_modules\firebase-tools\lib\bin\firebase.js init
[debug] [2023-04-29T18:48:24.927Z] CLI Version:   11.29.1
[debug] [2023-04-29T18:48:24.927Z] Platform:      win32
[debug] [2023-04-29T18:48:24.928Z] Node Version:  v16.15.0
[debug] [2023-04-29T18:48:24.929Z] Time:          Sat Apr 29 2023 20:48:24 GMT+0200 (South Africa Standard Time)
[debug] [2023-04-29T18:48:24.930Z] ----------------------------------------------------------------------
[debug] 
[debug] [2023-04-29T18:48:24.946Z] > command requires scopes: ["email","openid","https://www.googleapis.com/auth/cloudplatformprojects.readonly","https://www.googleapis.com/auth/firebase","https://www.googleapis.com/auth/cloud-platform"]
[debug] [2023-04-29T18:48:24.947Z] > authorizing via signed-in user (nomahtheloner@gmail.com)
[info] 
     ######## #### ########  ######## ########     ###     ######  ########
     ##        ##  ##     ## ##       ##     ##  ##   ##  ##       ##
     ######    ##  ########  ######   ########  #########  ######  ######
     ##        ##  ##    ##  ##       ##     ## ##     ##       ## ##
     ##       #### ##     ## ######## ########  ##     ##  ######  ########

You're about to initialize a Firebase project in this directory:

  C:\Users\User\Documents\projects\portfolio-web\API

[info] 
=== Account Setup
[info] 
[info] Which account do you want to use for this project? Choose an account or add a new one now
[info] 
[debug] [2023-04-29T18:49:42.543Z] setProjectAccount(C:\Users\User\Documents\projects\portfolio-web\API, 3rdtimecoder@gmail.com)
[info] 
[info] +  Using account: 3rdtimecoder@gmail.com 
[info] 
=== Project Setup
[info] 
[info] First, let's associate this project directory with a Firebase project.
[info] You can create multiple project aliases by running firebase use --add, 
[info] but for now we'll just set up a default project.
[info] 
[debug] [2023-04-29T18:50:05.201Z] > refreshing access token with scopes: []
[debug] [2023-04-29T18:50:05.204Z] >>> [apiv2][query] POST https://www.googleapis.com/oauth2/v3/token [none]
[debug] [2023-04-29T18:50:05.204Z] >>> [apiv2][body] POST https://www.googleapis.com/oauth2/v3/token [omitted]
[debug] [2023-04-29T18:50:07.507Z] <<< [apiv2][status] POST https://www.googleapis.com/oauth2/v3/token 200
[debug] [2023-04-29T18:50:07.507Z] <<< [apiv2][body] POST https://www.googleapis.com/oauth2/v3/token [omitted]
[debug] [2023-04-29T18:50:07.588Z] >>> [apiv2][query] GET https://firebase.googleapis.com/v1beta1/projects pageSize=100
[debug] [2023-04-29T18:50:08.713Z] <<< [apiv2][status] GET https://firebase.googleapis.com/v1beta1/projects 200
[debug] [2023-04-29T18:50:08.714Z] <<< [apiv2][body] GET https://firebase.googleapis.com/v1beta1/projects [omitted]
[info] i  Using project portfolio-website-backen-5be6d (Portfolio-website-backend) 
[info] 
=== Hosting Setup
[info] 
[info] Your public directory is the folder (relative to your project directory) that
[info] will contain Hosting assets to be uploaded with firebase deploy. If you
[info] have a build process for your assets, use your build's output directory.
[info] 
